[15-Jun-2015 15:22:58 Europe/Amsterdam] PHP Fatal error:  Class 'App\Http\Controllers\Mail' not found in /home/id00005/domains/digitusmarketing.nl/app/Http/Controllers/DienstenController.php on line 54
[15-Jun-2015 15:24:09 Europe/Amsterdam] PHP Fatal error:  Class 'App\Http\Controllers\Mail' not found in /home/id00005/domains/digitusmarketing.nl/app/Http/Controllers/DienstenController.php on line 54
[15-Jun-2015 15:31:04 Europe/Amsterdam] PHP Parse error:  syntax error, unexpected '{' in /home/id00005/domains/digitusmarketing.nl/storage/framework/views/fc6687127a291b1b76d232452d855b77 on line 39
[15-Jun-2015 15:31:35 Europe/Amsterdam] PHP Parse error:  syntax error, unexpected '{' in /home/id00005/domains/digitusmarketing.nl/storage/framework/views/fc6687127a291b1b76d232452d855b77 on line 39
[15-Jun-2015 15:31:50 Europe/Amsterdam] PHP Parse error:  syntax error, unexpected '<' in /home/id00005/domains/digitusmarketing.nl/storage/framework/views/fc6687127a291b1b76d232452d855b77 on line 39
[15-Jun-2015 15:31:57 Europe/Amsterdam] PHP Parse error:  syntax error, unexpected '<' in /home/id00005/domains/digitusmarketing.nl/storage/framework/views/fc6687127a291b1b76d232452d855b77 on line 39
[15-Jun-2015 15:36:28 Europe/Amsterdam] PHP Fatal error:  Class 'App\Http\Controllers\Response' not found in /home/id00005/domains/digitusmarketing.nl/app/Http/Controllers/DienstenController.php on line 62
[15-Jun-2015 15:36:49 Europe/Amsterdam] PHP Fatal error:  Class 'App\Http\Controllers\Response' not found in /home/id00005/domains/digitusmarketing.nl/app/Http/Controllers/DienstenController.php on line 62
[17-Jun-2015 09:56:05 Europe/Amsterdam] PHP Fatal error:  Class 'App\Http\Controllers\Member\Carbon' not found in /home/id00005/domains/digitusmarketing.nl/app/Http/Controllers/Member/MemberAuthController.php on line 63
[19-Jun-2015 12:19:24 Europe/Amsterdam] PHP Fatal error:  Call to a member function format() on a non-object in /home/id00005/domains/digitusmarketing.nl/storage/framework/views/485022774496b381be4aca1189d7ab7b on line 44
[19-Jun-2015 13:05:29 Europe/Amsterdam] PHP Fatal error:  Class 'Carbon\Carbon\Carbon' not found in /home/id00005/domains/digitusmarketing.nl/app/Post.php on line 29
[22-Jun-2015 12:38:22 Europe/Amsterdam] PHP Fatal error:  Class 'App\Http\Controllers\TijdlijnActie\Controller' not found in /home/id00005/domains/digitusmarketing.nl/app/Http/Controllers/TijdlijnActie/TijdlijnActieController.php on line 5
[22-Jun-2015 12:39:30 Europe/Amsterdam] PHP Fatal error:  Class 'App\Http\Controllers\TijdlijnActie\Controller' not found in /home/id00005/domains/digitusmarketing.nl/app/Http/Controllers/TijdlijnActie/TijdlijnActieController.php on line 5
[22-Jun-2015 12:39:42 Europe/Amsterdam] PHP Fatal error:  Class 'App\Http\Controllers\TijdlijnActie\Controller' not found in /home/id00005/domains/digitusmarketing.nl/app/Http/Controllers/TijdlijnActie/TijdlijnActieController.php on line 5
[23-Jun-2015 16:05:36 Europe/Amsterdam] PHP Fatal error:  Call to a member function first() on a non-object in /home/id00005/domains/digitusmarketing.nl/app/Http/Controllers/Admin/AdminController.php on line 59
[23-Jun-2015 16:07:13 Europe/Amsterdam] PHP Fatal error:  Call to a member function first() on a non-object in /home/id00005/domains/digitusmarketing.nl/app/Http/Controllers/Admin/AdminController.php on line 59
[24-Jun-2015 13:01:46 Europe/Amsterdam] PHP Fatal error:  Class 'App\Http\Controllers\Acties\Controller' not found in /home/id00005/domains/digitusmarketing.nl/app/Http/Controllers/Acties/ActiesController.php on line 6
[24-Jun-2015 13:02:51 Europe/Amsterdam] PHP Fatal error:  Class 'App\Http\Controllers\Acties\Controller' not found in /home/id00005/domains/digitusmarketing.nl/app/Http/Controllers/Acties/ActiesController.php on line 6
[24-Jun-2015 13:03:10 Europe/Amsterdam] PHP Fatal error:  Class 'App\Http\Controllers\Acties\Controller' not found in /home/id00005/domains/digitusmarketing.nl/app/Http/Controllers/Acties/ActiesController.php on line 6
[24-Jun-2015 13:03:51 Europe/Amsterdam] PHP Fatal error:  Class 'App\Http\Controllers\Acties\Controller' not found in /home/id00005/domains/digitusmarketing.nl/app/Http/Controllers/Acties/ActiesController.php on line 6
[24-Jun-2015 17:30:21 Europe/Amsterdam] PHP Fatal error:  Call to undefined method Carbon\Carbon::getWeekEndsAt() in /home/id00005/domains/digitusmarketing.nl/app/Http/Controllers/Acties/ActiesController.php on line 12
[24-Jun-2015 17:30:40 Europe/Amsterdam] PHP Fatal error:  Call to undefined method Carbon\Carbon::WeekEndsAt() in /home/id00005/domains/digitusmarketing.nl/app/Http/Controllers/Acties/ActiesController.php on line 12
[24-Jun-2015 17:30:54 Europe/Amsterdam] PHP Fatal error:  Call to undefined method Carbon\Carbon::weekEndsAt() in /home/id00005/domains/digitusmarketing.nl/app/Http/Controllers/Acties/ActiesController.php on line 12
[24-Jun-2015 17:45:39 Europe/Amsterdam] PHP Fatal error:  Call to undefined method Carbon\Carbon::weekEndsAt() in /home/id00005/domains/digitusmarketing.nl/app/Http/Controllers/Acties/ActiesController.php on line 12
[30-Jun-2015 15:38:10 Europe/Amsterdam] PHP Parse error:  syntax error, unexpected ')' in /home/id00005/domains/digitusmarketing.nl/storage/framework/views/b5b0cab0be0d472ed0b6f48b34ea66fc on line 129
[30-Jun-2015 15:38:17 Europe/Amsterdam] PHP Parse error:  syntax error, unexpected ')' in /home/id00005/domains/digitusmarketing.nl/storage/framework/views/b5b0cab0be0d472ed0b6f48b34ea66fc on line 129
[30-Jun-2015 15:45:59 Europe/Amsterdam] PHP Parse error:  syntax error, unexpected '', array('' (T_CONSTANT_ENCAPSED_STRING) in /home/id00005/domains/digitusmarketing.nl/storage/framework/views/b5b0cab0be0d472ed0b6f48b34ea66fc on line 134
[30-Jun-2015 16:35:35 Europe/Amsterdam] PHP Parse error:  syntax error, unexpected ';', expecting '(' in /home/id00005/domains/digitusmarketing.nl/storage/framework/views/b5b0cab0be0d472ed0b6f48b34ea66fc on line 184
[01-Jul-2015 18:02:15 Europe/Amsterdam] PHP Fatal error:  Class 'App\Http\Controllers\Mail' not found in /home/id00005/domains/digitusmarketing.nl/app/Http/Controllers/EbookDownloadController.php on line 38
[17-Jul-2015 11:59:25 Europe/Amsterdam] PHP Fatal error:  Trait 'App\SofDeletes' not found in /home/id00005/domains/digitusmarketing.nl/app/Ebook.php on line 7
[17-Jul-2015 12:00:06 Europe/Amsterdam] PHP Fatal error:  Trait 'App\SofDeletes' not found in /home/id00005/domains/digitusmarketing.nl/app/Ebook.php on line 8
[17-Jul-2015 12:00:21 Europe/Amsterdam] PHP Fatal error:  Trait 'App\SofDeletes' not found in /home/id00005/domains/digitusmarketing.nl/app/Ebook.php on line 8
[17-Jul-2015 12:06:12 Europe/Amsterdam] PHP Fatal error:  Call to a member function withTrashed() on a non-object in /home/id00005/domains/digitusmarketing.nl/app/Http/Controllers/Admin/AdminEbooksController.php on line 44
[17-Jul-2015 12:06:38 Europe/Amsterdam] PHP Fatal error:  Call to a member function trashed() on a non-object in /home/id00005/domains/digitusmarketing.nl/app/Http/Controllers/Admin/AdminEbooksController.php on line 44
[17-Jul-2015 12:07:18 Europe/Amsterdam] PHP Fatal error:  Call to undefined method Illuminate\Database\Eloquent\Collection::withTrashed() in /home/id00005/domains/digitusmarketing.nl/app/Http/Controllers/Admin/AdminEbooksController.php on line 44
[17-Jul-2015 12:29:56 Europe/Amsterdam] PHP Parse error:  syntax error, unexpected ',' in /home/id00005/domains/digitusmarketing.nl/storage/framework/views/f6d98489d2aa7d74d0e73c5eb183d1c0 on line 44
[17-Jul-2015 12:40:11 Europe/Amsterdam] PHP Fatal error:  Call to a member function restore() on a non-object in /home/id00005/domains/digitusmarketing.nl/app/Http/Controllers/Admin/AdminEbooksController.php on line 191
[17-Jul-2015 12:41:29 Europe/Amsterdam] PHP Fatal error:  Call to a member function trashed() on a non-object in /home/id00005/domains/digitusmarketing.nl/app/Http/Controllers/Admin/AdminEbooksController.php on line 191
[17-Jul-2015 12:45:18 Europe/Amsterdam] PHP Fatal error:  Call to undefined method Illuminate\Database\Eloquent\Collection::trashed() in /home/id00005/domains/digitusmarketing.nl/app/Http/Controllers/Admin/AdminEbooksController.php on line 192
[17-Jul-2015 16:19:12 Europe/Amsterdam] PHP Fatal error:  Call to undefined method App\Repositories\EbookRepository::where() in /home/id00005/domains/digitusmarketing.nl/app/Http/Controllers/Admin/AdminEbooksController.php on line 211
[17-Jul-2015 16:21:58 Europe/Amsterdam] PHP Fatal error:  Call to undefined method App\Repositories\EbookRepository::withTrashed() in /home/id00005/domains/digitusmarketing.nl/app/Http/Controllers/Admin/AdminEbooksController.php on line 211
[17-Jul-2015 16:50:40 Europe/Amsterdam] PHP Fatal error:  Class 'App\Http\Controllers\Admin\Response' not found in /home/id00005/domains/digitusmarketing.nl/app/Http/Controllers/Admin/AdminEbooksController.php on line 117
[17-Jul-2015 16:52:58 Europe/Amsterdam] PHP Parse error:  syntax error, unexpected '=>' (T_DOUBLE_ARROW) in /home/id00005/domains/digitusmarketing.nl/storage/framework/views/f6d98489d2aa7d74d0e73c5eb183d1c0 on line 61
[18-Jul-2015 13:29:48 Europe/Amsterdam] PHP Parse error:  syntax error, unexpected 'track' (T_STRING) in /home/id00005/domains/digitusmarketing.nl/storage/framework/views/3e60170dddc2594e18e2ec52075e1b1a on line 14
[18-Jul-2015 13:29:51 Europe/Amsterdam] PHP Parse error:  syntax error, unexpected 'track' (T_STRING) in /home/id00005/domains/digitusmarketing.nl/storage/framework/views/3e60170dddc2594e18e2ec52075e1b1a on line 14
[19-Jul-2015 15:30:45 Europe/Amsterdam] PHP Fatal error:  Class 'App\Http\Middleware\Str' not found in /home/id00005/domains/digitusmarketing.nl/app/Http/Middleware/EenDagCache.php on line 37
[19-Jul-2015 15:30:47 Europe/Amsterdam] PHP Fatal error:  Class 'App\Http\Middleware\Str' not found in /home/id00005/domains/digitusmarketing.nl/app/Http/Middleware/EenDagCache.php on line 37
[19-Jul-2015 15:31:06 Europe/Amsterdam] PHP Fatal error:  Class 'Str' not found in /home/id00005/domains/digitusmarketing.nl/app/Http/Middleware/EenDagCache.php on line 38
[19-Jul-2015 15:41:24 Europe/Amsterdam] PHP Fatal error:  Class 'Str' not found in /home/id00005/domains/digitusmarketing.nl/app/Http/Middleware/EenDagCache.php on line 30
[19-Jul-2015 16:18:47 Europe/Amsterdam] PHP Parse error:  syntax error, unexpected '{' in /home/id00005/domains/digitusmarketing.nl/storage/framework/views/fc6687127a291b1b76d232452d855b77 on line 114
[20-Jul-2015 09:18:58 Europe/Amsterdam] PHP Parse error:  syntax error, unexpected '$user' (T_VARIABLE), expecting ')' in /home/id00005/domains/digitusmarketing.nl/app/Http/Controllers/Member/MemberBenodigdhedenController.php on line 312
[20-Jul-2015 09:19:00 Europe/Amsterdam] PHP Parse error:  syntax error, unexpected '$user' (T_VARIABLE), expecting ')' in /home/id00005/domains/digitusmarketing.nl/app/Http/Controllers/Member/MemberBenodigdhedenController.php on line 312
[20-Jul-2015 07:41:20 UTC] PHP Warning:  POST Content-Length of 9070144 bytes exceeds the limit of 8388608 bytes in Unknown on line 0
[20-Jul-2015 07:41:58 UTC] PHP Warning:  POST Content-Length of 9070144 bytes exceeds the limit of 8388608 bytes in Unknown on line 0
[20-Jul-2015 07:44:05 UTC] PHP Warning:  POST Content-Length of 9070144 bytes exceeds the limit of 8388608 bytes in Unknown on line 0
[20-Jul-2015 07:45:39 UTC] PHP Warning:  POST Content-Length of 9070145 bytes exceeds the limit of 8388608 bytes in Unknown on line 0
[20-Jul-2015 07:47:18 UTC] PHP Warning:  POST Content-Length of 9070145 bytes exceeds the limit of 8388608 bytes in Unknown on line 0
[20-Jul-2015 07:47:43 UTC] PHP Warning:  POST Content-Length of 9061384 bytes exceeds the limit of 8388608 bytes in Unknown on line 0
[20-Jul-2015 07:49:27 UTC] PHP Warning:  POST Content-Length of 9070162 bytes exceeds the limit of 8388608 bytes in Unknown on line 0
[20-Jul-2015 07:49:48 UTC] PHP Warning:  POST Content-Length of 9070162 bytes exceeds the limit of 8388608 bytes in Unknown on line 0
[20-Jul-2015 07:50:11 UTC] PHP Warning:  POST Content-Length of 9070162 bytes exceeds the limit of 8388608 bytes in Unknown on line 0
[20-Jul-2015 10:54:45 Europe/Amsterdam] PHP Parse error:  syntax error, unexpected '@' in /home/id00005/domains/digitusmarketing.nl/storage/framework/views/2f402a3623fcf9e7839a21c3c6f33272 on line 14
[22-Jul-2015 17:40:22 Europe/Amsterdam] PHP Fatal error:  Call to a member function published() on a non-object in /home/id00005/domains/digitusmarketing.nl/app/Http/Controllers/BlogController.php on line 52
[23-Jul-2015 09:01:26 UTC] PHP Warning:  POST Content-Length of 10567306 bytes exceeds the limit of 8388608 bytes in Unknown on line 0
[30-Jul-2015 12:51:14 Europe/Amsterdam] PHP Fatal error:  Class 'App\Training' not found in /home/id00005/domains/digitusmarketing.nl/app/Repositories/TrainingenRepository.php on line 9
[30-Jul-2015 12:53:12 Europe/Amsterdam] PHP Fatal error:  Class 'App\Training' not found in /home/id00005/domains/digitusmarketing.nl/app/Repositories/TrainingenRepository.php on line 9
[30-Jul-2015 12:53:44 Europe/Amsterdam] PHP Fatal error:  Class 'App\Training' not found in /home/id00005/domains/digitusmarketing.nl/app/Repositories/TrainingenRepository.php on line 9
[30-Jul-2015 14:02:40 Europe/Amsterdam] PHP Parse error:  syntax error, unexpected 'endif' (T_ENDIF) in /home/id00005/domains/digitusmarketing.nl/storage/framework/views/59b42f68f4b4da73c1bda3b69277377a on line 9
[30-Jul-2015 14:16:42 Europe/Amsterdam] PHP Fatal error:  Call to a member function first() on a non-object in /home/id00005/domains/digitusmarketing.nl/app/Http/Controllers/TrainingenController.php on line 47
[30-Jul-2015 14:42:22 Europe/Amsterdam] PHP Fatal error:  Class 'App\Http\Controllers\App\Dienst' not found in /home/id00005/domains/digitusmarketing.nl/app/Http/Controllers/TrainingenController.php on line 46
[30-Jul-2015 14:45:57 Europe/Amsterdam] PHP Fatal error:  Allowed memory size of 268435456 bytes exhausted (tried to allocate 263454720 bytes) in /home/id00005/domains/digitusmarketing.nl/storage/framework/views/59b42f68f4b4da73c1bda3b69277377a on line 53
[30-Jul-2015 14:46:05 Europe/Amsterdam] PHP Fatal error:  Allowed memory size of 268435456 bytes exhausted (tried to allocate 263454720 bytes) in /home/id00005/domains/digitusmarketing.nl/storage/framework/views/59b42f68f4b4da73c1bda3b69277377a on line 53
[30-Jul-2015 17:41:13 Europe/Amsterdam] PHP Fatal error:  Call to undefined method Illuminate\Database\Eloquent\Collection::active() in /home/id00005/domains/digitusmarketing.nl/storage/framework/views/59b42f68f4b4da73c1bda3b69277377a on line 52
[30-Jul-2015 17:41:14 Europe/Amsterdam] PHP Fatal error:  Call to undefined method Illuminate\Database\Eloquent\Collection::active() in /home/id00005/domains/digitusmarketing.nl/storage/framework/views/59b42f68f4b4da73c1bda3b69277377a on line 52
[03-Aug-2015 13:30:42 Europe/Amsterdam] PHP Parse error:  syntax error, unexpected '')): ?>' (T_CONSTANT_ENCAPSED_STRING) in /home/id00005/domains/digitusmarketing.nl/storage/framework/views/c8b849a165c11a162eb4ed56c5ad4d3b on line 64
[03-Aug-2015 13:32:08 Europe/Amsterdam] PHP Parse error:  syntax error, unexpected '')): ?> */ ?>' (T_CONSTANT_ENCAPSED_STRING) in /home/id00005/domains/digitusmarketing.nl/storage/framework/views/c8b849a165c11a162eb4ed56c5ad4d3b on line 64
[03-Aug-2015 15:23:08 Europe/Amsterdam] PHP Parse error:  syntax error, unexpected '@' in /home/id00005/domains/digitusmarketing.nl/storage/framework/views/e7aec035e73195bbdeb497e1691d1a89 on line 46
[11-Aug-2015 14:08:07 Europe/Amsterdam] PHP Fatal error:  Call to undefined method Barryvdh\Omnipay\Facade::gateway() in /home/id00005/domains/digitusmarketing.nl/vendor/laravel/framework/src/Illuminate/Support/Facades/Facade.php on line 210
[11-Aug-2015 14:08:09 Europe/Amsterdam] PHP Fatal error:  Call to undefined method Barryvdh\Omnipay\Facade::gateway() in /home/id00005/domains/digitusmarketing.nl/vendor/laravel/framework/src/Illuminate/Support/Facades/Facade.php on line 210
[11-Aug-2015 14:09:09 Europe/Amsterdam] PHP Fatal error:  Call to undefined method Barryvdh\Omnipay\Facade::gateway() in /home/id00005/domains/digitusmarketing.nl/vendor/laravel/framework/src/Illuminate/Support/Facades/Facade.php on line 210
[11-Aug-2015 14:09:40 Europe/Amsterdam] PHP Fatal error:  Call to undefined method Barryvdh\Omnipay\Facade::gateway() in /home/id00005/domains/digitusmarketing.nl/vendor/laravel/framework/src/Illuminate/Support/Facades/Facade.php on line 210
[11-Aug-2015 14:10:04 Europe/Amsterdam] PHP Fatal error:  Call to undefined method Barryvdh\Omnipay\Facade::gateway() in /home/id00005/domains/digitusmarketing.nl/vendor/laravel/framework/src/Illuminate/Support/Facades/Facade.php on line 210
[11-Aug-2015 14:11:10 Europe/Amsterdam] PHP Fatal error:  Call to undefined method Barryvdh\Omnipay\Facade::gateway() in /home/id00005/domains/digitusmarketing.nl/vendor/laravel/framework/src/Illuminate/Support/Facades/Facade.php on line 210
[11-Aug-2015 14:11:46 Europe/Amsterdam] PHP Fatal error:  Call to undefined method Barryvdh\Omnipay\Facade::gateway() in /home/id00005/domains/digitusmarketing.nl/vendor/laravel/framework/src/Illuminate/Support/Facades/Facade.php on line 210
[11-Aug-2015 14:12:15 Europe/Amsterdam] PHP Fatal error:  Call to undefined method Barryvdh\Omnipay\Facade::gateway() in /home/id00005/domains/digitusmarketing.nl/vendor/laravel/framework/src/Illuminate/Support/Facades/Facade.php on line 210
[12-Aug-2015 14:06:05 Europe/Amsterdam] PHP Fatal error:  Class 'Hyperized\Wefact\WefactServiceProvider' not found in /home/id00005/domains/digitusmarketing.nl/vendor/laravel/framework/src/Illuminate/Foundation/ProviderRepository.php on line 150
[12-Aug-2015 14:08:56 Europe/Amsterdam] PHP Fatal error:  Class 'Hyperized\Wefact\WefactServiceProvider' not found in /home/id00005/domains/digitusmarketing.nl/vendor/laravel/framework/src/Illuminate/Foundation/ProviderRepository.php on line 150
[12-Aug-2015 14:21:47 Europe/Amsterdam] PHP Fatal error:  Class 'App\Http\Controllers\Hyperized\Wefact\Product' not found in /home/id00005/domains/digitusmarketing.nl/app/Http/Controllers/HomeController.php on line 38
[12-Aug-2015 15:00:15 Europe/Amsterdam] PHP Fatal error:  Call to undefined function hyperized\wefact\product() in /home/id00005/domains/digitusmarketing.nl/app/Http/Controllers/HomeController.php on line 38
[12-Aug-2015 15:00:23 Europe/Amsterdam] PHP Fatal error:  Undefined constant 'Hyperized\Wefact' in /home/id00005/domains/digitusmarketing.nl/app/Http/Controllers/HomeController.php on line 38
[12-Aug-2015 15:00:45 Europe/Amsterdam] PHP Fatal error:  Undefined constant 'Wefact' in /home/id00005/domains/digitusmarketing.nl/app/Http/Controllers/HomeController.php on line 38
[12-Aug-2015 15:06:22 Europe/Amsterdam] PHP Fatal error:  Class 'Hyperized\Wefact\WeFactAPI' not found in /home/id00005/domains/digitusmarketing.nl/app/Http/Controllers/HomeController.php on line 38
[12-Aug-2015 15:06:59 Europe/Amsterdam] PHP Fatal error:  Class 'Hyperized\Wefact\WeFactAPI' not found in /home/id00005/domains/digitusmarketing.nl/app/Http/Controllers/HomeController.php on line 38
[12-Aug-2015 15:08:00 Europe/Amsterdam] PHP Fatal error:  Class 'App\Http\Controllers\Hyperized\Wefact\Product' not found in /home/id00005/domains/digitusmarketing.nl/app/Http/Controllers/HomeController.php on line 38
[12-Aug-2015 15:19:02 Europe/Amsterdam] PHP Fatal error:  Undefined constant 'Hyperized\Wefact' in /home/id00005/domains/digitusmarketing.nl/app/Http/Controllers/HomeController.php on line 38
[12-Aug-2015 15:19:08 Europe/Amsterdam] PHP Fatal error:  Call to undefined function hyperized\wefact() in /home/id00005/domains/digitusmarketing.nl/app/Http/Controllers/HomeController.php on line 38
[12-Aug-2015 15:19:28 Europe/Amsterdam] PHP Fatal error:  Call to undefined function app\http\controllers\hyperized\wefact() in /home/id00005/domains/digitusmarketing.nl/app/Http/Controllers/HomeController.php on line 38
[12-Aug-2015 15:19:34 Europe/Amsterdam] PHP Fatal error:  Call to undefined function App\Http\Controllers\Wefact() in /home/id00005/domains/digitusmarketing.nl/app/Http/Controllers/HomeController.php on line 38
[12-Aug-2015 15:19:53 Europe/Amsterdam] PHP Fatal error:  Class 'Hyperized\Wefact\WeFactAPI' not found in /home/id00005/domains/digitusmarketing.nl/app/Http/Controllers/HomeController.php on line 38
[12-Aug-2015 15:20:23 Europe/Amsterdam] PHP Fatal error:  Class 'Hyperized\Wefact\WeFactAPI' not found in /home/id00005/domains/digitusmarketing.nl/app/Http/Controllers/HomeController.php on line 38
[12-Aug-2015 15:20:49 Europe/Amsterdam] PHP Fatal error:  Call to undefined function hyperized\wefact\wefactapi() in /home/id00005/domains/digitusmarketing.nl/app/Http/Controllers/HomeController.php on line 38
[12-Aug-2015 15:22:37 Europe/Amsterdam] PHP Fatal error:  Function name must be a string in /home/id00005/domains/digitusmarketing.nl/app/Http/Controllers/HomeController.php on line 43
[12-Aug-2015 15:23:04 Europe/Amsterdam] PHP Fatal error:  Function name must be a string in /home/id00005/domains/digitusmarketing.nl/app/Http/Controllers/HomeController.php on line 43
[12-Aug-2015 15:23:06 Europe/Amsterdam] PHP Fatal error:  Function name must be a string in /home/id00005/domains/digitusmarketing.nl/app/Http/Controllers/HomeController.php on line 43
[12-Aug-2015 15:23:06 Europe/Amsterdam] PHP Fatal error:  Function name must be a string in /home/id00005/domains/digitusmarketing.nl/app/Http/Controllers/HomeController.php on line 43
[12-Aug-2015 15:25:22 Europe/Amsterdam] PHP Fatal error:  Call to undefined function hyperized\wefact\invoice() in /home/id00005/domains/digitusmarketing.nl/app/Http/Controllers/HomeController.php on line 38
[12-Aug-2015 15:25:40 Europe/Amsterdam] PHP Fatal error:  Undefined constant 'Hyperized\Wefact\Invoice' in /home/id00005/domains/digitusmarketing.nl/app/Http/Controllers/HomeController.php on line 38
[12-Aug-2015 16:01:31 Europe/Amsterdam] PHP Fatal error:  Class 'App\Http\Controllers\WeFactAPI' not found in /home/id00005/domains/digitusmarketing.nl/app/Http/Controllers/HomeController.php on line 38
[12-Aug-2015 16:34:40 Europe/Amsterdam] PHP Fatal error:  Call to a member function list() on a non-object in /home/id00005/domains/digitusmarketing.nl/app/Http/Controllers/WefactController.php on line 34
[12-Aug-2015 16:52:29 Europe/Amsterdam] PHP Fatal error:  Cannot use [] for reading in /home/id00005/domains/digitusmarketing.nl/app/Http/Controllers/WefactController.php on line 34
[12-Aug-2015 16:57:46 Europe/Amsterdam] PHP Fatal error:  Unsupported operand types in /home/id00005/domains/digitusmarketing.nl/app/Http/Controllers/WefactController.php on line 34
[12-Aug-2015 17:51:27 Europe/Amsterdam] PHP Parse error:  syntax error, unexpected 'new' (T_NEW) in /home/id00005/domains/digitusmarketing.nl/app/Http/Controllers/WefactController.php on line 45
[13-Aug-2015 10:31:02 Europe/Amsterdam] PHP Parse error:  syntax error, unexpected '=>' (T_DOUBLE_ARROW) in /home/id00005/domains/digitusmarketing.nl/app/Http/Controllers/WefactController.php on line 49
[13-Aug-2015 10:48:56 Europe/Amsterdam] PHP Fatal error:  Unsupported operand types in /home/id00005/domains/digitusmarketing.nl/vendor/hyperized/wefact/src/Hyperized/Wefact/WeFactAPI.php on line 89
[13-Aug-2015 10:50:31 Europe/Amsterdam] PHP Parse error:  syntax error, unexpected '=>' (T_DOUBLE_ARROW) in /home/id00005/domains/digitusmarketing.nl/vendor/hyperized/wefact/src/Hyperized/Wefact/WeFactAPI.php on line 89
[13-Aug-2015 10:51:04 Europe/Amsterdam] PHP Parse error:  syntax error, unexpected 'if' (T_IF) in /home/id00005/domains/digitusmarketing.nl/vendor/hyperized/wefact/src/Hyperized/Wefact/WeFactAPI.php on line 89
[13-Aug-2015 10:57:19 Europe/Amsterdam] PHP Parse error:  syntax error, unexpected '$params' (T_VARIABLE) in /home/id00005/domains/digitusmarketing.nl/vendor/hyperized/wefact/src/Hyperized/Wefact/WeFactAPI.php on line 89
[13-Aug-2015 10:58:15 Europe/Amsterdam] PHP Fatal error:  Unsupported operand types in /home/id00005/domains/digitusmarketing.nl/vendor/hyperized/wefact/src/Hyperized/Wefact/WeFactAPI.php on line 91
[13-Aug-2015 10:58:51 Europe/Amsterdam] PHP Parse error:  syntax error, unexpected '=>' (T_DOUBLE_ARROW) in /home/id00005/domains/digitusmarketing.nl/vendor/hyperized/wefact/src/Hyperized/Wefact/WeFactAPI.php on line 91
[13-Aug-2015 13:57:50 Europe/Amsterdam] PHP Fatal error:  Class 'Hyperized\Wefact\WefactAPI\Invoice' not found in /home/id00005/domains/digitusmarketing.nl/app/Http/Controllers/WefactController.php on line 85
[13-Aug-2015 13:57:56 Europe/Amsterdam] PHP Parse error:  syntax error, unexpected 'Invoice' (T_STRING), expecting variable (T_VARIABLE) or '$' in /home/id00005/domains/digitusmarketing.nl/app/Http/Controllers/WefactController.php on line 85
[14-Aug-2015 10:56:16 Europe/Amsterdam] PHP Parse error:  syntax error, unexpected '(' in /home/id00005/domains/digitusmarketing.nl/storage/framework/views/e27ca71ea5e878209c13f09065cba2ce on line 82
[14-Aug-2015 12:11:32 Europe/Amsterdam] PHP Parse error:  syntax error, unexpected ';', expecting ')' in /home/id00005/domains/digitusmarketing.nl/app/Http/Controllers/WefactController.php on line 194
[21-Aug-2015 14:51:55 UTC] PHP Parse error:  syntax error, unexpected '*', expecting ')' in /home/id00005/domains/digitusmarketing.nl/config/omnipay.php on line 5
[21-Aug-2015 14:52:11 UTC] PHP Parse error:  syntax error, unexpected '*', expecting ')' in /home/id00005/domains/digitusmarketing.nl/config/omnipay.php on line 5
[21-Aug-2015 14:52:26 UTC] PHP Parse error:  syntax error, unexpected '*', expecting ')' in /home/id00005/domains/digitusmarketing.nl/config/omnipay.php on line 5
[21-Aug-2015 14:52:48 UTC] PHP Parse error:  syntax error, unexpected '*', expecting ')' in /home/id00005/domains/digitusmarketing.nl/config/omnipay.php on line 5
[21-Aug-2015 14:52:49 UTC] PHP Parse error:  syntax error, unexpected '*', expecting ')' in /home/id00005/domains/digitusmarketing.nl/config/omnipay.php on line 5
[21-Aug-2015 14:52:50 UTC] PHP Parse error:  syntax error, unexpected '*', expecting ')' in /home/id00005/domains/digitusmarketing.nl/config/omnipay.php on line 5
[21-Aug-2015 14:52:51 UTC] PHP Parse error:  syntax error, unexpected '*', expecting ')' in /home/id00005/domains/digitusmarketing.nl/config/omnipay.php on line 5
[21-Aug-2015 14:52:53 UTC] PHP Parse error:  syntax error, unexpected '*', expecting ')' in /home/id00005/domains/digitusmarketing.nl/config/omnipay.php on line 5
[21-Aug-2015 14:52:59 UTC] PHP Parse error:  syntax error, unexpected '*', expecting ')' in /home/id00005/domains/digitusmarketing.nl/config/omnipay.php on line 5
[21-Aug-2015 14:53:01 UTC] PHP Parse error:  syntax error, unexpected '*', expecting ')' in /home/id00005/domains/digitusmarketing.nl/config/omnipay.php on line 5
[21-Aug-2015 14:53:10 UTC] PHP Parse error:  syntax error, unexpected '*', expecting ')' in /home/id00005/domains/digitusmarketing.nl/config/omnipay.php on line 5
[21-Aug-2015 17:12:05 Europe/Amsterdam] PHP Fatal error:  Call to undefined method Omnipay\Common\PaymentMethod::getImage() in /home/id00005/domains/digitusmarketing.nl/storage/framework/views/6c6781c13ea60150fafe2432fc1a5174 on line 22
[21-Aug-2015 17:20:36 Europe/Amsterdam] PHP Parse error:  syntax error, unexpected ';' in /home/id00005/domains/digitusmarketing.nl/storage/framework/views/6c6781c13ea60150fafe2432fc1a5174 on line 25
[24-Aug-2015 13:20:57 Europe/Amsterdam] PHP Fatal error:  Class 'App\Http\Controllers\TijdlijnActie\Order' not found in /home/id00005/domains/digitusmarketing.nl/app/Http/Controllers/TijdlijnActie/TijdlijnActieController.php on line 48
[24-Aug-2015 13:21:34 Europe/Amsterdam] PHP Fatal error:  Class 'App\Http\Controllers\TijdlijnActie\Response' not found in /home/id00005/domains/digitusmarketing.nl/app/Http/Controllers/TijdlijnActie/TijdlijnActieController.php on line 58
[24-Aug-2015 13:26:43 Europe/Amsterdam] PHP Fatal error:  Class 'App\Http\Controllers\TijdlijnActie\Carbon' not found in /home/id00005/domains/digitusmarketing.nl/app/Http/Controllers/TijdlijnActie/TijdlijnActieController.php on line 160
[24-Aug-2015 13:27:44 Europe/Amsterdam] PHP Fatal error:  Class 'App\Http\Controllers\TijdlijnActie\Carbon' not found in /home/id00005/domains/digitusmarketing.nl/app/Http/Controllers/TijdlijnActie/TijdlijnActieController.php on line 160
[24-Aug-2015 13:28:45 Europe/Amsterdam] PHP Fatal error:  Class 'App\Http\Controllers\TijdlijnActie\Carbon' not found in /home/id00005/domains/digitusmarketing.nl/app/Http/Controllers/TijdlijnActie/TijdlijnActieController.php on line 160
[24-Aug-2015 13:29:46 Europe/Amsterdam] PHP Fatal error:  Class 'App\Http\Controllers\TijdlijnActie\Order' not found in /home/id00005/domains/digitusmarketing.nl/app/Http/Controllers/TijdlijnActie/TijdlijnActieController.php on line 172
[24-Aug-2015 13:30:12 Europe/Amsterdam] PHP Fatal error:  Class 'App\Http\Controllers\TijdlijnActie\Order' not found in /home/id00005/domains/digitusmarketing.nl/app/Http/Controllers/TijdlijnActie/TijdlijnActieController.php on line 172
[24-Aug-2015 13:31:55 Europe/Amsterdam] PHP Fatal error:  Class 'App\Http\Controllers\TijdlijnActie\Order' not found in /home/id00005/domains/digitusmarketing.nl/app/Http/Controllers/TijdlijnActie/TijdlijnActieController.php on line 172
[24-Aug-2015 13:32:56 Europe/Amsterdam] PHP Fatal error:  Class 'App\Http\Controllers\TijdlijnActie\Order' not found in /home/id00005/domains/digitusmarketing.nl/app/Http/Controllers/TijdlijnActie/TijdlijnActieController.php on line 172
[24-Aug-2015 13:33:57 Europe/Amsterdam] PHP Fatal error:  Class 'App\Http\Controllers\TijdlijnActie\Order' not found in /home/id00005/domains/digitusmarketing.nl/app/Http/Controllers/TijdlijnActie/TijdlijnActieController.php on line 172
[24-Aug-2015 13:34:58 Europe/Amsterdam] PHP Fatal error:  Class 'App\Http\Controllers\TijdlijnActie\Order' not found in /home/id00005/domains/digitusmarketing.nl/app/Http/Controllers/TijdlijnActie/TijdlijnActieController.php on line 172
[24-Aug-2015 13:35:47 Europe/Amsterdam] PHP Fatal error:  Class 'App\Http\Controllers\TijdlijnActie\Order' not found in /home/id00005/domains/digitusmarketing.nl/app/Http/Controllers/TijdlijnActie/TijdlijnActieController.php on line 172
[24-Aug-2015 13:35:59 Europe/Amsterdam] PHP Fatal error:  Class 'App\Http\Controllers\TijdlijnActie\Order' not found in /home/id00005/domains/digitusmarketing.nl/app/Http/Controllers/TijdlijnActie/TijdlijnActieController.php on line 172
[24-Aug-2015 13:36:13 Europe/Amsterdam] PHP Fatal error:  Class 'App\Http\Controllers\TijdlijnActie\Order' not found in /home/id00005/domains/digitusmarketing.nl/app/Http/Controllers/TijdlijnActie/TijdlijnActieController.php on line 172
[24-Aug-2015 13:37:06 Europe/Amsterdam] PHP Fatal error:  Class 'App\Http\Controllers\TijdlijnActie\Order' not found in /home/id00005/domains/digitusmarketing.nl/app/Http/Controllers/TijdlijnActie/TijdlijnActieController.php on line 172
[24-Aug-2015 13:38:04 Europe/Amsterdam] PHP Fatal error:  Class 'App\Http\Controllers\TijdlijnActie\Order' not found in /home/id00005/domains/digitusmarketing.nl/app/Http/Controllers/TijdlijnActie/TijdlijnActieController.php on line 172
[24-Aug-2015 13:38:07 Europe/Amsterdam] PHP Fatal error:  Class 'App\Http\Controllers\TijdlijnActie\Order' not found in /home/id00005/domains/digitusmarketing.nl/app/Http/Controllers/TijdlijnActie/TijdlijnActieController.php on line 172
[24-Aug-2015 13:39:03 Europe/Amsterdam] PHP Fatal error:  Class 'App\Http\Controllers\TijdlijnActie\Order' not found in /home/id00005/domains/digitusmarketing.nl/app/Http/Controllers/TijdlijnActie/TijdlijnActieController.php on line 172
[24-Aug-2015 13:39:05 Europe/Amsterdam] PHP Fatal error:  Class 'App\Http\Controllers\TijdlijnActie\Order' not found in /home/id00005/domains/digitusmarketing.nl/app/Http/Controllers/TijdlijnActie/TijdlijnActieController.php on line 172
[24-Aug-2015 13:39:08 Europe/Amsterdam] PHP Fatal error:  Class 'App\Http\Controllers\TijdlijnActie\Order' not found in /home/id00005/domains/digitusmarketing.nl/app/Http/Controllers/TijdlijnActie/TijdlijnActieController.php on line 172
[24-Aug-2015 13:40:06 Europe/Amsterdam] PHP Fatal error:  Class 'App\Http\Controllers\TijdlijnActie\Order' not found in /home/id00005/domains/digitusmarketing.nl/app/Http/Controllers/TijdlijnActie/TijdlijnActieController.php on line 172
[24-Aug-2015 13:40:06 Europe/Amsterdam] PHP Fatal error:  Class 'App\Http\Controllers\TijdlijnActie\Order' not found in /home/id00005/domains/digitusmarketing.nl/app/Http/Controllers/TijdlijnActie/TijdlijnActieController.php on line 172
[24-Aug-2015 13:40:10 Europe/Amsterdam] PHP Fatal error:  Class 'App\Http\Controllers\TijdlijnActie\Order' not found in /home/id00005/domains/digitusmarketing.nl/app/Http/Controllers/TijdlijnActie/TijdlijnActieController.php on line 172
[24-Aug-2015 13:41:07 Europe/Amsterdam] PHP Fatal error:  Class 'App\Http\Controllers\TijdlijnActie\Order' not found in /home/id00005/domains/digitusmarketing.nl/app/Http/Controllers/TijdlijnActie/TijdlijnActieController.php on line 172
[24-Aug-2015 13:41:08 Europe/Amsterdam] PHP Fatal error:  Class 'App\Http\Controllers\TijdlijnActie\Order' not found in /home/id00005/domains/digitusmarketing.nl/app/Http/Controllers/TijdlijnActie/TijdlijnActieController.php on line 172
[24-Aug-2015 13:41:11 Europe/Amsterdam] PHP Fatal error:  Class 'App\Http\Controllers\TijdlijnActie\Order' not found in /home/id00005/domains/digitusmarketing.nl/app/Http/Controllers/TijdlijnActie/TijdlijnActieController.php on line 172
[24-Aug-2015 13:41:48 Europe/Amsterdam] PHP Fatal error:  Class 'App\Http\Controllers\TijdlijnActie\Order' not found in /home/id00005/domains/digitusmarketing.nl/app/Http/Controllers/TijdlijnActie/TijdlijnActieController.php on line 172
[24-Aug-2015 13:42:00 Europe/Amsterdam] PHP Fatal error:  Class 'App\Http\Controllers\TijdlijnActie\Order' not found in /home/id00005/domains/digitusmarketing.nl/app/Http/Controllers/TijdlijnActie/TijdlijnActieController.php on line 172
[24-Aug-2015 13:42:08 Europe/Amsterdam] PHP Fatal error:  Class 'App\Http\Controllers\TijdlijnActie\Order' not found in /home/id00005/domains/digitusmarketing.nl/app/Http/Controllers/TijdlijnActie/TijdlijnActieController.php on line 172
[24-Aug-2015 13:42:09 Europe/Amsterdam] PHP Fatal error:  Class 'App\Http\Controllers\TijdlijnActie\Order' not found in /home/id00005/domains/digitusmarketing.nl/app/Http/Controllers/TijdlijnActie/TijdlijnActieController.php on line 172
[24-Aug-2015 13:43:09 Europe/Amsterdam] PHP Fatal error:  Class 'App\Http\Controllers\TijdlijnActie\Order' not found in /home/id00005/domains/digitusmarketing.nl/app/Http/Controllers/TijdlijnActie/TijdlijnActieController.php on line 172
[24-Aug-2015 13:47:12 Europe/Amsterdam] PHP Fatal error:  Class 'App\Http\Controllers\TijdlijnActie\Order' not found in /home/id00005/domains/digitusmarketing.nl/app/Http/Controllers/TijdlijnActie/TijdlijnActieController.php on line 172
[24-Aug-2015 13:47:49 Europe/Amsterdam] PHP Fatal error:  Class 'App\Http\Controllers\TijdlijnActie\Order' not found in /home/id00005/domains/digitusmarketing.nl/app/Http/Controllers/TijdlijnActie/TijdlijnActieController.php on line 172
[24-Aug-2015 13:48:01 Europe/Amsterdam] PHP Fatal error:  Class 'App\Http\Controllers\TijdlijnActie\Order' not found in /home/id00005/domains/digitusmarketing.nl/app/Http/Controllers/TijdlijnActie/TijdlijnActieController.php on line 172
[24-Aug-2015 13:48:11 Europe/Amsterdam] PHP Fatal error:  Class 'App\Http\Controllers\TijdlijnActie\Order' not found in /home/id00005/domains/digitusmarketing.nl/app/Http/Controllers/TijdlijnActie/TijdlijnActieController.php on line 172
[24-Aug-2015 13:49:10 Europe/Amsterdam] PHP Fatal error:  Class 'App\Http\Controllers\TijdlijnActie\Order' not found in /home/id00005/domains/digitusmarketing.nl/app/Http/Controllers/TijdlijnActie/TijdlijnActieController.php on line 172
[24-Aug-2015 13:53:13 Europe/Amsterdam] PHP Fatal error:  Class 'App\Http\Controllers\TijdlijnActie\Order' not found in /home/id00005/domains/digitusmarketing.nl/app/Http/Controllers/TijdlijnActie/TijdlijnActieController.php on line 172
[24-Aug-2015 13:53:51 Europe/Amsterdam] PHP Fatal error:  Class 'App\Http\Controllers\TijdlijnActie\Order' not found in /home/id00005/domains/digitusmarketing.nl/app/Http/Controllers/TijdlijnActie/TijdlijnActieController.php on line 172
[24-Aug-2015 13:54:12 Europe/Amsterdam] PHP Fatal error:  Class 'App\Http\Controllers\TijdlijnActie\Order' not found in /home/id00005/domains/digitusmarketing.nl/app/Http/Controllers/TijdlijnActie/TijdlijnActieController.php on line 172
[24-Aug-2015 13:54:13 Europe/Amsterdam] PHP Fatal error:  Class 'App\Http\Controllers\TijdlijnActie\Order' not found in /home/id00005/domains/digitusmarketing.nl/app/Http/Controllers/TijdlijnActie/TijdlijnActieController.php on line 172
[24-Aug-2015 13:55:11 Europe/Amsterdam] PHP Fatal error:  Class 'App\Http\Controllers\TijdlijnActie\Order' not found in /home/id00005/domains/digitusmarketing.nl/app/Http/Controllers/TijdlijnActie/TijdlijnActieController.php on line 172
[24-Aug-2015 13:59:14 Europe/Amsterdam] PHP Fatal error:  Class 'App\Http\Controllers\TijdlijnActie\Order' not found in /home/id00005/domains/digitusmarketing.nl/app/Http/Controllers/TijdlijnActie/TijdlijnActieController.php on line 172
[24-Aug-2015 14:00:13 Europe/Amsterdam] PHP Fatal error:  Class 'App\Http\Controllers\TijdlijnActie\Order' not found in /home/id00005/domains/digitusmarketing.nl/app/Http/Controllers/TijdlijnActie/TijdlijnActieController.php on line 172
[24-Aug-2015 14:00:15 Europe/Amsterdam] PHP Fatal error:  Class 'App\Http\Controllers\TijdlijnActie\Order' not found in /home/id00005/domains/digitusmarketing.nl/app/Http/Controllers/TijdlijnActie/TijdlijnActieController.php on line 172
[24-Aug-2015 14:01:16 Europe/Amsterdam] PHP Fatal error:  Class 'App\Http\Controllers\TijdlijnActie\Order' not found in /home/id00005/domains/digitusmarketing.nl/app/Http/Controllers/TijdlijnActie/TijdlijnActieController.php on line 172
[24-Aug-2015 14:05:15 Europe/Amsterdam] PHP Fatal error:  Class 'App\Http\Controllers\TijdlijnActie\Order' not found in /home/id00005/domains/digitusmarketing.nl/app/Http/Controllers/TijdlijnActie/TijdlijnActieController.php on line 172
[24-Aug-2015 14:06:14 Europe/Amsterdam] PHP Fatal error:  Class 'App\Http\Controllers\TijdlijnActie\Order' not found in /home/id00005/domains/digitusmarketing.nl/app/Http/Controllers/TijdlijnActie/TijdlijnActieController.php on line 172
[24-Aug-2015 14:07:17 Europe/Amsterdam] PHP Fatal error:  Class 'App\Http\Controllers\TijdlijnActie\Order' not found in /home/id00005/domains/digitusmarketing.nl/app/Http/Controllers/TijdlijnActie/TijdlijnActieController.php on line 172
[24-Aug-2015 14:42:25 Europe/Amsterdam] PHP Parse error:  syntax error, unexpected ';', expecting ']' in /home/id00005/domains/digitusmarketing.nl/app/Order.php on line 8
[24-Aug-2015 14:42:51 Europe/Amsterdam] PHP Fatal error:  Class 'App\Http\Controllers\TijdlijnActie\Mail' not found in /home/id00005/domains/digitusmarketing.nl/app/Http/Controllers/TijdlijnActie/TijdlijnActieController.php on line 61
[24-Aug-2015 15:23:11 Europe/Amsterdam] PHP Fatal error:  Call to a member function users() on a non-object in /home/id00005/domains/digitusmarketing.nl/app/Http/Controllers/TijdlijnActie/TijdlijnActieController.php on line 249
[24-Aug-2015 15:25:12 Europe/Amsterdam] PHP Fatal error:  Call to a member function users() on a non-object in /home/id00005/domains/digitusmarketing.nl/app/Http/Controllers/TijdlijnActie/TijdlijnActieController.php on line 250
[24-Aug-2015 15:25:37 Europe/Amsterdam] PHP Fatal error:  Call to a member function users() on a non-object in /home/id00005/domains/digitusmarketing.nl/app/Http/Controllers/TijdlijnActie/TijdlijnActieController.php on line 250
[24-Aug-2015 15:26:14 Europe/Amsterdam] PHP Fatal error:  Call to a member function users() on a non-object in /home/id00005/domains/digitusmarketing.nl/app/Http/Controllers/TijdlijnActie/TijdlijnActieController.php on line 250
[24-Aug-2015 15:26:45 Europe/Amsterdam] PHP Fatal error:  Call to a member function users() on a non-object in /home/id00005/domains/digitusmarketing.nl/app/Http/Controllers/TijdlijnActie/TijdlijnActieController.php on line 250
[24-Aug-2015 15:29:12 Europe/Amsterdam] PHP Fatal error:  Call to a member function users() on a non-object in /home/id00005/domains/digitusmarketing.nl/app/Http/Controllers/TijdlijnActie/TijdlijnActieController.php on line 250
[24-Aug-2015 15:31:13 Europe/Amsterdam] PHP Fatal error:  Call to a member function users() on a non-object in /home/id00005/domains/digitusmarketing.nl/app/Http/Controllers/TijdlijnActie/TijdlijnActieController.php on line 250
[24-Aug-2015 15:32:15 Europe/Amsterdam] PHP Fatal error:  Call to a member function users() on a non-object in /home/id00005/domains/digitusmarketing.nl/app/Http/Controllers/TijdlijnActie/TijdlijnActieController.php on line 250
[24-Aug-2015 15:32:32 Europe/Amsterdam] PHP Fatal error:  Call to a member function users() on a non-object in /home/id00005/domains/digitusmarketing.nl/app/Http/Controllers/TijdlijnActie/TijdlijnActieController.php on line 250
[24-Aug-2015 15:32:46 Europe/Amsterdam] PHP Fatal error:  Call to a member function users() on a non-object in /home/id00005/domains/digitusmarketing.nl/app/Http/Controllers/TijdlijnActie/TijdlijnActieController.php on line 250
[24-Aug-2015 15:33:33 Europe/Amsterdam] PHP Fatal error:  Call to a member function users() on a non-object in /home/id00005/domains/digitusmarketing.nl/app/Http/Controllers/TijdlijnActie/TijdlijnActieController.php on line 250
[24-Aug-2015 15:35:13 Europe/Amsterdam] PHP Fatal error:  Call to a member function users() on a non-object in /home/id00005/domains/digitusmarketing.nl/app/Http/Controllers/TijdlijnActie/TijdlijnActieController.php on line 250
[24-Aug-2015 15:38:47 Europe/Amsterdam] PHP Fatal error:  Call to a member function users() on a non-object in /home/id00005/domains/digitusmarketing.nl/app/Http/Controllers/TijdlijnActie/TijdlijnActieController.php on line 239
[24-Aug-2015 15:39:34 Europe/Amsterdam] PHP Fatal error:  Call to a member function users() on a non-object in /home/id00005/domains/digitusmarketing.nl/app/Http/Controllers/TijdlijnActie/TijdlijnActieController.php on line 239
[24-Aug-2015 15:40:07 Europe/Amsterdam] PHP Fatal error:  Call to a member function users() on a non-object in /home/id00005/domains/digitusmarketing.nl/app/Http/Controllers/TijdlijnActie/TijdlijnActieController.php on line 239
[24-Aug-2015 15:41:08 Europe/Amsterdam] PHP Fatal error:  Call to a member function users() on a non-object in /home/id00005/domains/digitusmarketing.nl/app/Http/Controllers/TijdlijnActie/TijdlijnActieController.php on line 239
[24-Aug-2015 15:41:14 Europe/Amsterdam] PHP Fatal error:  Call to a member function users() on a non-object in /home/id00005/domains/digitusmarketing.nl/app/Http/Controllers/TijdlijnActie/TijdlijnActieController.php on line 239
[24-Aug-2015 15:42:04 Europe/Amsterdam] PHP Fatal error:  Call to a member function users() on a non-object in /home/id00005/domains/digitusmarketing.nl/app/Http/Controllers/TijdlijnActie/TijdlijnActieController.php on line 239
[24-Aug-2015 15:42:10 Europe/Amsterdam] PHP Fatal error:  Call to a member function users() on a non-object in /home/id00005/domains/digitusmarketing.nl/app/Http/Controllers/TijdlijnActie/TijdlijnActieController.php on line 239
[24-Aug-2015 15:43:05 Europe/Amsterdam] PHP Fatal error:  Call to a member function users() on a non-object in /home/id00005/domains/digitusmarketing.nl/app/Http/Controllers/TijdlijnActie/TijdlijnActieController.php on line 239
[24-Aug-2015 15:43:11 Europe/Amsterdam] PHP Fatal error:  Call to a member function users() on a non-object in /home/id00005/domains/digitusmarketing.nl/app/Http/Controllers/TijdlijnActie/TijdlijnActieController.php on line 239
[24-Aug-2015 15:44:07 Europe/Amsterdam] PHP Fatal error:  Call to a member function users() on a non-object in /home/id00005/domains/digitusmarketing.nl/app/Http/Controllers/TijdlijnActie/TijdlijnActieController.php on line 239
[24-Aug-2015 15:44:12 Europe/Amsterdam] PHP Fatal error:  Call to a member function users() on a non-object in /home/id00005/domains/digitusmarketing.nl/app/Http/Controllers/TijdlijnActie/TijdlijnActieController.php on line 239
[24-Aug-2015 15:45:08 Europe/Amsterdam] PHP Fatal error:  Call to a member function users() on a non-object in /home/id00005/domains/digitusmarketing.nl/app/Http/Controllers/TijdlijnActie/TijdlijnActieController.php on line 239
[24-Aug-2015 15:45:36 Europe/Amsterdam] PHP Fatal error:  Call to a member function users() on a non-object in /home/id00005/domains/digitusmarketing.nl/app/Http/Controllers/TijdlijnActie/TijdlijnActieController.php on line 239
[24-Aug-2015 15:46:09 Europe/Amsterdam] PHP Fatal error:  Call to a member function users() on a non-object in /home/id00005/domains/digitusmarketing.nl/app/Http/Controllers/TijdlijnActie/TijdlijnActieController.php on line 239
[24-Aug-2015 15:50:14 Europe/Amsterdam] PHP Fatal error:  Call to a member function users() on a non-object in /home/id00005/domains/digitusmarketing.nl/app/Http/Controllers/TijdlijnActie/TijdlijnActieController.php on line 239
[24-Aug-2015 15:51:37 Europe/Amsterdam] PHP Fatal error:  Call to a member function users() on a non-object in /home/id00005/domains/digitusmarketing.nl/app/Http/Controllers/TijdlijnActie/TijdlijnActieController.php on line 239
[24-Aug-2015 15:52:10 Europe/Amsterdam] PHP Fatal error:  Call to a member function users() on a non-object in /home/id00005/domains/digitusmarketing.nl/app/Http/Controllers/TijdlijnActie/TijdlijnActieController.php on line 239
[24-Aug-2015 15:56:15 Europe/Amsterdam] PHP Fatal error:  Call to a member function users() on a non-object in /home/id00005/domains/digitusmarketing.nl/app/Http/Controllers/TijdlijnActie/TijdlijnActieController.php on line 239
[24-Aug-2015 15:57:39 Europe/Amsterdam] PHP Fatal error:  Call to a member function users() on a non-object in /home/id00005/domains/digitusmarketing.nl/app/Http/Controllers/TijdlijnActie/TijdlijnActieController.php on line 239
[24-Aug-2015 15:58:06 Europe/Amsterdam] PHP Fatal error:  Call to a member function users() on a non-object in /home/id00005/domains/digitusmarketing.nl/app/Http/Controllers/TijdlijnActie/TijdlijnActieController.php on line 239
[24-Aug-2015 15:58:11 Europe/Amsterdam] PHP Fatal error:  Call to a member function users() on a non-object in /home/id00005/domains/digitusmarketing.nl/app/Http/Controllers/TijdlijnActie/TijdlijnActieController.php on line 239
[24-Aug-2015 15:59:07 Europe/Amsterdam] PHP Fatal error:  Call to a member function users() on a non-object in /home/id00005/domains/digitusmarketing.nl/app/Http/Controllers/TijdlijnActie/TijdlijnActieController.php on line 239
[24-Aug-2015 16:00:08 Europe/Amsterdam] PHP Fatal error:  Call to a member function users() on a non-object in /home/id00005/domains/digitusmarketing.nl/app/Http/Controllers/TijdlijnActie/TijdlijnActieController.php on line 239
[24-Aug-2015 16:01:09 Europe/Amsterdam] PHP Fatal error:  Call to a member function users() on a non-object in /home/id00005/domains/digitusmarketing.nl/app/Http/Controllers/TijdlijnActie/TijdlijnActieController.php on line 239
[24-Aug-2015 16:02:10 Europe/Amsterdam] PHP Fatal error:  Call to a member function users() on a non-object in /home/id00005/domains/digitusmarketing.nl/app/Http/Controllers/TijdlijnActie/TijdlijnActieController.php on line 239
[24-Aug-2015 16:02:16 Europe/Amsterdam] PHP Fatal error:  Call to a member function users() on a non-object in /home/id00005/domains/digitusmarketing.nl/app/Http/Controllers/TijdlijnActie/TijdlijnActieController.php on line 239
[24-Aug-2015 16:04:12 Europe/Amsterdam] PHP Fatal error:  Call to a member function users() on a non-object in /home/id00005/domains/digitusmarketing.nl/app/Http/Controllers/TijdlijnActie/TijdlijnActieController.php on line 239
[24-Aug-2015 16:08:11 Europe/Amsterdam] PHP Fatal error:  Call to a member function users() on a non-object in /home/id00005/domains/digitusmarketing.nl/app/Http/Controllers/TijdlijnActie/TijdlijnActieController.php on line 239
[24-Aug-2015 16:08:17 Europe/Amsterdam] PHP Fatal error:  Call to a member function users() on a non-object in /home/id00005/domains/digitusmarketing.nl/app/Http/Controllers/TijdlijnActie/TijdlijnActieController.php on line 239
[24-Aug-2015 16:10:13 Europe/Amsterdam] PHP Fatal error:  Call to a member function users() on a non-object in /home/id00005/domains/digitusmarketing.nl/app/Http/Controllers/TijdlijnActie/TijdlijnActieController.php on line 239
[24-Aug-2015 16:14:12 Europe/Amsterdam] PHP Fatal error:  Call to a member function users() on a non-object in /home/id00005/domains/digitusmarketing.nl/app/Http/Controllers/TijdlijnActie/TijdlijnActieController.php on line 239
[24-Aug-2015 16:20:13 Europe/Amsterdam] PHP Fatal error:  Call to a member function users() on a non-object in /home/id00005/domains/digitusmarketing.nl/app/Http/Controllers/TijdlijnActie/TijdlijnActieController.php on line 241
[24-Aug-2015 16:26:14 Europe/Amsterdam] PHP Fatal error:  Call to a member function users() on a non-object in /home/id00005/domains/digitusmarketing.nl/app/Http/Controllers/TijdlijnActie/TijdlijnActieController.php on line 241
[24-Aug-2015 17:36:14 Europe/Amsterdam] PHP Fatal error:  Call to a member function users() on a non-object in /home/id00005/domains/digitusmarketing.nl/app/Http/Controllers/TijdlijnActie/TijdlijnActieController.php on line 242
[24-Aug-2015 17:44:28 Europe/Amsterdam] PHP Fatal error:  Class 'App\Http\Controllers\TijdlijnActie\Log' not found in /home/id00005/domains/digitusmarketing.nl/app/Http/Controllers/TijdlijnActie/TijdlijnActieController.php on line 262
[24-Aug-2015 17:56:23 Europe/Amsterdam] PHP Fatal error:  Cannot use isset() on the result of a function call (you can use "null !== func()" instead) in /home/id00005/domains/digitusmarketing.nl/vendor/omnipay/mollie/src/Message/FetchTransactionResponse.php on line 123
[24-Aug-2015 17:57:51 Europe/Amsterdam] PHP Fatal error:  Call to undefined method Omnipay\Mollie\Message\FetchTransactionResponse::data() in /home/id00005/domains/digitusmarketing.nl/vendor/omnipay/mollie/src/Message/FetchTransactionResponse.php on line 123
[24-Aug-2015 17:58:52 Europe/Amsterdam] PHP Fatal error:  Call to undefined method Omnipay\Mollie\Message\FetchTransactionResponse::data() in /home/id00005/domains/digitusmarketing.nl/vendor/omnipay/mollie/src/Message/FetchTransactionResponse.php on line 123
[24-Aug-2015 17:59:53 Europe/Amsterdam] PHP Fatal error:  Call to undefined method Omnipay\Mollie\Message\FetchTransactionResponse::data() in /home/id00005/domains/digitusmarketing.nl/vendor/omnipay/mollie/src/Message/FetchTransactionResponse.php on line 123
[24-Aug-2015 18:00:54 Europe/Amsterdam] PHP Fatal error:  Call to undefined method Omnipay\Mollie\Message\FetchTransactionResponse::data() in /home/id00005/domains/digitusmarketing.nl/vendor/omnipay/mollie/src/Message/FetchTransactionResponse.php on line 123
[25-Aug-2015 10:30:46 Europe/Amsterdam] PHP Fatal error:  Cannot use object of type Omnipay\Mollie\Message\FetchTransactionResponse as array in /home/id00005/domains/digitusmarketing.nl/app/Http/Controllers/TijdlijnActie/TijdlijnActieController.php on line 165
[25-Aug-2015 14:53:29 Europe/Amsterdam] PHP Fatal error:  Class 'App\Http\Controllers\TijdlijnActie\Redirect' not found in /home/id00005/domains/digitusmarketing.nl/app/Http/Controllers/TijdlijnActie/TijdlijnActieController.php on line 174
[27-Aug-2015 09:57:41 Europe/Amsterdam] PHP Parse error:  syntax error, unexpected '=>' (T_DOUBLE_ARROW) in /home/id00005/domains/digitusmarketing.nl/storage/framework/views/ecbae445d9a936e0586525d6321816d8 on line 34
[27-Aug-2015 09:57:43 Europe/Amsterdam] PHP Parse error:  syntax error, unexpected '=>' (T_DOUBLE_ARROW) in /home/id00005/domains/digitusmarketing.nl/storage/framework/views/ecbae445d9a936e0586525d6321816d8 on line 34
[01-Sep-2015 09:08:14 UTC] PHP Warning:  POST Content-Length of 32934577 bytes exceeds the limit of 8388608 bytes in Unknown on line 0
[14-Sep-2015 14:22:03 Europe/Amsterdam] PHP Fatal error:  Class 'App\Http\Controllers\Webinar\Controller' not found in /home/id00005/domains/digitusmarketing.nl/app/Http/Controllers/Webinar/WebinarController.php on line 8
[14-Sep-2015 14:23:07 Europe/Amsterdam] PHP Fatal error:  Class 'App\Http\Controllers\Webinar\Controller' not found in /home/id00005/domains/digitusmarketing.nl/app/Http/Controllers/Webinar/WebinarController.php on line 8
[14-Sep-2015 14:23:40 Europe/Amsterdam] PHP Fatal error:  Class 'App\Http\Controllers\Webinar\Controller' not found in /home/id00005/domains/digitusmarketing.nl/app/Http/Controllers/Webinar/WebinarController.php on line 8
[14-Sep-2015 14:23:46 Europe/Amsterdam] PHP Fatal error:  Class 'App\Http\Controllers\Webinar\Controller' not found in /home/id00005/domains/digitusmarketing.nl/app/Http/Controllers/Webinar/WebinarController.php on line 8
[14-Sep-2015 14:27:54 Europe/Amsterdam] PHP Fatal error:  Class 'App\Http\Controllers\Webinar\Controller' not found in /home/id00005/domains/digitusmarketing.nl/app/Http/Controllers/Webinar/WebinarController.php on line 8
[14-Sep-2015 15:06:24 Europe/Amsterdam] PHP Parse error:  syntax error, unexpected '->' (T_OBJECT_OPERATOR) in /home/id00005/domains/digitusmarketing.nl/app/Http/Controllers/Webinar/WebinarController.php on line 29
[14-Sep-2015 15:28:17 Europe/Amsterdam] PHP Parse error:  syntax error, unexpected '->' (T_OBJECT_OPERATOR) in /home/id00005/domains/digitusmarketing.nl/app/Http/Controllers/Webinar/WebinarController.php on line 43
[14-Sep-2015 17:04:08 Europe/Amsterdam] PHP Parse error:  syntax error, unexpected 'Route' (T_STRING) in /home/id00005/domains/digitusmarketing.nl/app/Http/routes.php on line 314
[16-Sep-2015 14:25:28 Europe/Amsterdam] PHP Parse error:  syntax error, unexpected 'Mail' (T_STRING) in /home/id00005/domains/digitusmarketing.nl/app/Http/Controllers/SportBranche/SportBrancheController.php on line 30
[16-Sep-2015 17:14:49 Europe/Amsterdam] PHP Fatal error:  Class 'App\Http\Controllers\TijdlijnActie\Omnipay' not found in /home/id00005/domains/digitusmarketing.nl/app/Http/Controllers/TijdlijnActie/TijdlijnActieController.php on line 15
[01-Oct-2015 13:56:54 Europe/Amsterdam] PHP Parse error:  syntax error, unexpected '(', expecting identifier (T_STRING) or variable (T_VARIABLE) or '{' or '$' in /home/id00005/domains/digitusmarketing.nl/app/Http/Controllers/Webinar/WebinarController.php on line 135
[01-Oct-2015 13:59:50 Europe/Amsterdam] PHP Parse error:  syntax error, unexpected '(', expecting identifier (T_STRING) or variable (T_VARIABLE) or '{' or '$' in /home/id00005/domains/digitusmarketing.nl/app/Http/Controllers/Webinar/WebinarController.php on line 135
[01-Oct-2015 14:04:00 Europe/Amsterdam] PHP Parse error:  syntax error, unexpected '(', expecting identifier (T_STRING) or variable (T_VARIABLE) or '{' or '$' in /home/id00005/domains/digitusmarketing.nl/app/Http/Controllers/Webinar/WebinarController.php on line 135
[01-Oct-2015 14:05:16 Europe/Amsterdam] PHP Parse error:  syntax error, unexpected '(', expecting identifier (T_STRING) or variable (T_VARIABLE) or '{' or '$' in /home/id00005/domains/digitusmarketing.nl/app/Http/Controllers/Webinar/WebinarController.php on line 135
[01-Oct-2015 14:23:40 Europe/Amsterdam] PHP Parse error:  syntax error, unexpected '=>' (T_DOUBLE_ARROW) in /home/id00005/domains/digitusmarketing.nl/app/Http/routes.php on line 340
[01-Oct-2015 14:25:07 Europe/Amsterdam] PHP Parse error:  syntax error, unexpected '=>' (T_DOUBLE_ARROW) in /home/id00005/domains/digitusmarketing.nl/app/Http/routes.php on line 340
[02-Oct-2015 12:34:49 Europe/Amsterdam] PHP Parse error:  syntax error, unexpected '=>' (T_DOUBLE_ARROW) in /home/id00005/domains/digitusmarketing.nl/app/Http/Controllers/Webinar/WebinarController.php on line 202
[02-Oct-2015 16:50:04 Europe/Amsterdam] PHP Fatal error:  Call to a member function delete() on a non-object in /home/id00005/domains/digitusmarketing.nl/app/Http/Controllers/Webinar/WebinarController.php on line 384
[02-Oct-2015 16:51:05 Europe/Amsterdam] PHP Fatal error:  Call to a member function delete() on a non-object in /home/id00005/domains/digitusmarketing.nl/app/Http/Controllers/Webinar/WebinarController.php on line 384
[02-Oct-2015 16:52:06 Europe/Amsterdam] PHP Fatal error:  Call to a member function delete() on a non-object in /home/id00005/domains/digitusmarketing.nl/app/Http/Controllers/Webinar/WebinarController.php on line 384
[02-Oct-2015 16:53:08 Europe/Amsterdam] PHP Fatal error:  Call to a member function delete() on a non-object in /home/id00005/domains/digitusmarketing.nl/app/Http/Controllers/Webinar/WebinarController.php on line 384
[02-Oct-2015 16:54:09 Europe/Amsterdam] PHP Fatal error:  Call to a member function delete() on a non-object in /home/id00005/domains/digitusmarketing.nl/app/Http/Controllers/Webinar/WebinarController.php on line 384
[02-Oct-2015 17:00:10 Europe/Amsterdam] PHP Fatal error:  Call to a member function delete() on a non-object in /home/id00005/domains/digitusmarketing.nl/app/Http/Controllers/Webinar/WebinarController.php on line 384
[02-Oct-2015 17:06:11 Europe/Amsterdam] PHP Fatal error:  Call to a member function delete() on a non-object in /home/id00005/domains/digitusmarketing.nl/app/Http/Controllers/Webinar/WebinarController.php on line 384
[02-Oct-2015 17:12:12 Europe/Amsterdam] PHP Fatal error:  Call to a member function delete() on a non-object in /home/id00005/domains/digitusmarketing.nl/app/Http/Controllers/Webinar/WebinarController.php on line 384
[02-Oct-2015 17:18:13 Europe/Amsterdam] PHP Fatal error:  Call to a member function delete() on a non-object in /home/id00005/domains/digitusmarketing.nl/app/Http/Controllers/Webinar/WebinarController.php on line 384
[02-Oct-2015 21:18:14 Europe/Amsterdam] PHP Fatal error:  Call to a member function delete() on a non-object in /home/id00005/domains/digitusmarketing.nl/app/Http/Controllers/Webinar/WebinarController.php on line 384
[16-Oct-2015 09:59:18 Europe/Amsterdam] PHP Parse error:  syntax error, unexpected ')' in /home/id00005/domains/digitusmarketing.nl/app/Http/Controllers/Webinar/WebinarController.php on line 137
[16-Oct-2015 10:53:10 Europe/Amsterdam] PHP Fatal error:  Class 'App\Http\Controllers\Webinar\Log' not found in /home/id00005/domains/digitusmarketing.nl/app/Http/Controllers/Webinar/WebinarController.php on line 290
[16-Oct-2015 10:53:24 Europe/Amsterdam] PHP Fatal error:  Class 'App\Http\Controllers\Webinar\Log' not found in /home/id00005/domains/digitusmarketing.nl/app/Http/Controllers/Webinar/WebinarController.php on line 290
[20-Oct-2015 10:49:19 Europe/Amsterdam] PHP Parse error:  syntax error, unexpected '=>' (T_DOUBLE_ARROW) in /home/id00005/domains/digitusmarketing.nl/app/Repositories/UserRepository.php on line 35
[20-Oct-2015 14:26:51 Europe/Amsterdam] PHP Fatal error:  Call to undefined method Illuminate\Database\Eloquent\Collection::detach() in /home/id00005/domains/digitusmarketing.nl/app/Http/Controllers/Admin/AdminCursusController.php on line 131
[20-Oct-2015 14:26:58 Europe/Amsterdam] PHP Fatal error:  Call to undefined method Illuminate\Database\Eloquent\Collection::detach() in /home/id00005/domains/digitusmarketing.nl/app/Http/Controllers/Admin/AdminCursusController.php on line 131
[21-Oct-2015 13:09:36 Europe/Amsterdam] PHP Fatal error:  Class 'App\Http\Controllers\Member\Auth' not found in /home/id00005/domains/digitusmarketing.nl/app/Http/Controllers/Member/MemberCursussenUpgradeController.php on line 91
[23-Oct-2015 12:03:36 Europe/Amsterdam] PHP Parse error:  syntax error, unexpected ''+'' (T_CONSTANT_ENCAPSED_STRING) in /home/id00005/domains/digitusmarketing.nl/app/Http/Controllers/Webinar/WebinarController.php on line 22
[23-Oct-2015 12:03:45 Europe/Amsterdam] PHP Parse error:  syntax error, unexpected ''+'' (T_CONSTANT_ENCAPSED_STRING) in /home/id00005/domains/digitusmarketing.nl/app/Http/Controllers/Webinar/WebinarController.php on line 22
[23-Oct-2015 12:03:46 Europe/Amsterdam] PHP Parse error:  syntax error, unexpected ''+'' (T_CONSTANT_ENCAPSED_STRING) in /home/id00005/domains/digitusmarketing.nl/app/Http/Controllers/Webinar/WebinarController.php on line 22
[29-Oct-2015 15:59:11 Europe/Amsterdam] PHP Parse error:  syntax error, unexpected '{' in /home/id00005/domains/digitusmarketing.nl/app/Http/routes.php on line 59
[29-Oct-2015 15:59:52 Europe/Amsterdam] PHP Fatal error:  Class 'App\Http\Controllers\Ebooks\Controller' not found in /home/id00005/domains/digitusmarketing.nl/app/Http/Controllers/Ebooks/EbookController.php on line 9
[29-Oct-2015 15:59:53 Europe/Amsterdam] PHP Fatal error:  Class 'App\Http\Controllers\Ebooks\Controller' not found in /home/id00005/domains/digitusmarketing.nl/app/Http/Controllers/Ebooks/EbookController.php on line 9
[30-Oct-2015 11:10:11 Europe/Amsterdam] PHP Fatal error:  Class 'HTML' not found in /home/id00005/domains/digitusmarketing.nl/storage/framework/views/30fea60d934382b9f76a0323afd2c924 on line 22
[02-Nov-2015 17:45:29 Europe/Amsterdam] PHP Parse error:  syntax error, unexpected '$totaalbedrag' (T_VARIABLE) in /home/id00005/domains/digitusmarketing.nl/storage/framework/views/913f2dec2078d1b8aebab68fc6b20e49 on line 16
[02-Nov-2015 17:45:47 Europe/Amsterdam] PHP Parse error:  syntax error, unexpected '$totaalbedrag' (T_VARIABLE) in /home/id00005/domains/digitusmarketing.nl/storage/framework/views/913f2dec2078d1b8aebab68fc6b20e49 on line 16
[05-Nov-2015 14:31:06 Europe/Amsterdam] PHP Parse error:  syntax error, unexpected 'Mail' (T_STRING) in /home/id00005/domains/digitusmarketing.nl/app/Http/Controllers/Strategiesessie/StrategieSessieController.php on line 29
[05-Nov-2015 14:31:20 Europe/Amsterdam] PHP Parse error:  syntax error, unexpected 'Mail' (T_STRING) in /home/id00005/domains/digitusmarketing.nl/app/Http/Controllers/Strategiesessie/StrategieSessieController.php on line 29
[05-Nov-2015 14:31:24 Europe/Amsterdam] PHP Parse error:  syntax error, unexpected 'Mail' (T_STRING) in /home/id00005/domains/digitusmarketing.nl/app/Http/Controllers/Strategiesessie/StrategieSessieController.php on line 29
[05-Nov-2015 16:04:57 Europe/Amsterdam] PHP Parse error:  syntax error, unexpected 'endforeach' (T_ENDFOREACH) in /home/id00005/domains/digitusmarketing.nl/storage/framework/views/59b42f68f4b4da73c1bda3b69277377a on line 8
[05-Nov-2015 16:05:46 Europe/Amsterdam] PHP Parse error:  syntax error, unexpected 'endforeach' (T_ENDFOREACH) in /home/id00005/domains/digitusmarketing.nl/storage/framework/views/59b42f68f4b4da73c1bda3b69277377a on line 8
[05-Nov-2015 20:33:56 Europe/Amsterdam] PHP Fatal error:  Class name must be a valid object or a string in /home/id00005/domains/digitusmarketing.nl/app/Http/Controllers/Webinar/SuperboostController.php on line 45
[11-Nov-2015 14:12:22 Europe/Amsterdam] PHP Parse error:  syntax error, unexpected 'Route' (T_STRING) in /home/id00005/domains/digitusmarketing.nl/app/Http/routes.php on line 27
[11-Nov-2015 14:12:23 Europe/Amsterdam] PHP Parse error:  syntax error, unexpected 'Route' (T_STRING) in /home/id00005/domains/digitusmarketing.nl/app/Http/routes.php on line 27
[13-Nov-2015 17:08:06 Europe/Amsterdam] PHP Parse error:  syntax error, unexpected '}' in /home/id00005/domains/digitusmarketing.nl/app/Http/Controllers/Webinar/SuperboostController.php on line 111
[13-Nov-2015 17:08:22 Europe/Amsterdam] PHP Parse error:  syntax error, unexpected '}' in /home/id00005/domains/digitusmarketing.nl/app/Http/Controllers/Webinar/SuperboostController.php on line 111
[13-Nov-2015 17:08:29 Europe/Amsterdam] PHP Parse error:  syntax error, unexpected '}' in /home/id00005/domains/digitusmarketing.nl/app/Http/Controllers/Webinar/SuperboostController.php on line 111
[13-Nov-2015 17:56:54 Europe/Amsterdam] PHP Parse error:  syntax error, unexpected '}' in /home/id00005/domains/digitusmarketing.nl/app/Http/Controllers/Webinar/SuperboostController.php on line 122
[13-Nov-2015 18:04:59 Europe/Amsterdam] PHP Fatal error:  Class 'App\Http\Controllers\Webinar\Session' not found in /home/id00005/domains/digitusmarketing.nl/app/Http/Controllers/Webinar/SuperboostController.php on line 121
[16-Nov-2015 10:40:38 Europe/Amsterdam] PHP Parse error:  syntax error, unexpected 'Mail' (T_STRING) in /home/id00005/domains/digitusmarketing.nl/app/Http/Controllers/Webinar/SuperboostController.php on line 129
[17-Nov-2015 12:45:18 Europe/Amsterdam] PHP Fatal error:  Call to undefined function App\Http\Controllers\TijdlijnActie\brypt() in /home/id00005/domains/digitusmarketing.nl/app/Http/Controllers/TijdlijnActie/TijdlijnActieController.php on line 331
[17-Nov-2015 12:54:04 Europe/Amsterdam] PHP Fatal error:  Call to a member function delete() on a non-object in /home/id00005/domains/digitusmarketing.nl/app/Http/Controllers/TijdlijnActie/TijdlijnActieController.php on line 371
[17-Nov-2015 12:54:05 Europe/Amsterdam] PHP Fatal error:  Call to a member function delete() on a non-object in /home/id00005/domains/digitusmarketing.nl/app/Http/Controllers/TijdlijnActie/TijdlijnActieController.php on line 371
[17-Nov-2015 12:55:05 Europe/Amsterdam] PHP Fatal error:  Call to a member function delete() on a non-object in /home/id00005/domains/digitusmarketing.nl/app/Http/Controllers/TijdlijnActie/TijdlijnActieController.php on line 371
[17-Nov-2015 12:55:06 Europe/Amsterdam] PHP Fatal error:  Call to a member function delete() on a non-object in /home/id00005/domains/digitusmarketing.nl/app/Http/Controllers/TijdlijnActie/TijdlijnActieController.php on line 371
[17-Nov-2015 12:56:06 Europe/Amsterdam] PHP Fatal error:  Call to a member function delete() on a non-object in /home/id00005/domains/digitusmarketing.nl/app/Http/Controllers/TijdlijnActie/TijdlijnActieController.php on line 371
[17-Nov-2015 12:56:08 Europe/Amsterdam] PHP Fatal error:  Call to a member function delete() on a non-object in /home/id00005/domains/digitusmarketing.nl/app/Http/Controllers/TijdlijnActie/TijdlijnActieController.php on line 371
[17-Nov-2015 12:57:07 Europe/Amsterdam] PHP Fatal error:  Call to a member function delete() on a non-object in /home/id00005/domains/digitusmarketing.nl/app/Http/Controllers/TijdlijnActie/TijdlijnActieController.php on line 371
[17-Nov-2015 12:57:09 Europe/Amsterdam] PHP Fatal error:  Call to a member function delete() on a non-object in /home/id00005/domains/digitusmarketing.nl/app/Http/Controllers/TijdlijnActie/TijdlijnActieController.php on line 371
[17-Nov-2015 12:58:08 Europe/Amsterdam] PHP Fatal error:  Call to a member function delete() on a non-object in /home/id00005/domains/digitusmarketing.nl/app/Http/Controllers/TijdlijnActie/TijdlijnActieController.php on line 371
[17-Nov-2015 12:58:11 Europe/Amsterdam] PHP Fatal error:  Call to a member function delete() on a non-object in /home/id00005/domains/digitusmarketing.nl/app/Http/Controllers/TijdlijnActie/TijdlijnActieController.php on line 371
[17-Nov-2015 13:43:57 Europe/Amsterdam] PHP Fatal error:  Cannot use isset() on the result of a function call (you can use "null !== func()" instead) in /home/id00005/domains/digitusmarketing.nl/storage/framework/views/59b42f68f4b4da73c1bda3b69277377a on line 97
[17-Nov-2015 13:43:57 Europe/Amsterdam] PHP Fatal error:  Cannot use isset() on the result of a function call (you can use "null !== func()" instead) in /home/id00005/domains/digitusmarketing.nl/storage/framework/views/59b42f68f4b4da73c1bda3b69277377a on line 97
[18-Nov-2015 14:06:10 Europe/Amsterdam] PHP Parse error:  syntax error, unexpected 'return' (T_RETURN) in /home/id00005/domains/digitusmarketing.nl/app/Http/Controllers/TijdlijnActie/TijdlijnActieController.php on line 252
[20-Nov-2015 16:22:18 Europe/Amsterdam] PHP Parse error:  syntax error, unexpected 'endif' (T_ENDIF) in /home/id00005/domains/digitusmarketing.nl/storage/framework/views/580644c35ea7954fbd31be6bc671eb7b on line 20
[22-Nov-2015 15:26:09 Europe/Amsterdam] PHP Parse error:  syntax error, unexpected '}' in /home/id00005/domains/digitusmarketing.nl/app/Http/Controllers/TestOmgeving/TestOmgevingController.php on line 215
[22-Nov-2015 15:26:18 Europe/Amsterdam] PHP Parse error:  syntax error, unexpected '}' in /home/id00005/domains/digitusmarketing.nl/app/Http/Controllers/TestOmgeving/TestOmgevingController.php on line 215
[22-Nov-2015 15:28:13 Europe/Amsterdam] PHP Parse error:  syntax error, unexpected '}' in /home/id00005/domains/digitusmarketing.nl/app/Http/Controllers/TestOmgeving/TestOmgevingController.php on line 216
[22-Nov-2015 15:28:34 Europe/Amsterdam] PHP Parse error:  syntax error, unexpected '}' in /home/id00005/domains/digitusmarketing.nl/app/Http/Controllers/TestOmgeving/TestOmgevingController.php on line 216
[22-Nov-2015 15:28:35 Europe/Amsterdam] PHP Parse error:  syntax error, unexpected '}' in /home/id00005/domains/digitusmarketing.nl/app/Http/Controllers/TestOmgeving/TestOmgevingController.php on line 216
[23-Nov-2015 12:15:22 Europe/Amsterdam] PHP Fatal error:  Class 'App\Http\Controllers\TestOmgeving\Auth' not found in /home/id00005/domains/digitusmarketing.nl/app/Http/Controllers/TestOmgeving/TestOmgevingController.php on line 111
[23-Nov-2015 12:15:51 Europe/Amsterdam] PHP Fatal error:  Class 'App\Http\Controllers\TestOmgeving\Omnipay' not found in /home/id00005/domains/digitusmarketing.nl/app/Http/Controllers/TestOmgeving/TestOmgevingController.php on line 119
[23-Nov-2015 13:36:59 Europe/Amsterdam] PHP Parse error:  syntax error, unexpected '{', expecting ')' in /home/id00005/domains/digitusmarketing.nl/app/Http/Controllers/TestOmgeving/TestWebhookController.php on line 17
[23-Nov-2015 13:38:00 Europe/Amsterdam] PHP Parse error:  syntax error, unexpected '{', expecting ')' in /home/id00005/domains/digitusmarketing.nl/app/Http/Controllers/TestOmgeving/TestWebhookController.php on line 17
[23-Nov-2015 13:39:04 Europe/Amsterdam] PHP Parse error:  syntax error, unexpected '{', expecting ')' in /home/id00005/domains/digitusmarketing.nl/app/Http/Controllers/TestOmgeving/TestWebhookController.php on line 17
[23-Nov-2015 16:10:07 Europe/Amsterdam] PHP Parse error:  syntax error, unexpected 'else' (T_ELSE) in /home/id00005/domains/digitusmarketing.nl/app/Http/Controllers/TestOmgeving/TestOmgevingController.php on line 211
[23-Nov-2015 16:10:09 Europe/Amsterdam] PHP Parse error:  syntax error, unexpected 'else' (T_ELSE) in /home/id00005/domains/digitusmarketing.nl/app/Http/Controllers/TestOmgeving/TestOmgevingController.php on line 211
[23-Nov-2015 16:56:07 Europe/Amsterdam] PHP Fatal error:  Method App\Product::__toString() must not throw an exception in /home/id00005/domains/digitusmarketing.nl/storage/framework/views/b09952d14bcb7450dec9b3b5af882508 on line 0
[23-Nov-2015 16:59:06 Europe/Amsterdam] PHP Fatal error:  Method App\Product::__toString() must not throw an exception in /home/id00005/domains/digitusmarketing.nl/storage/framework/views/b09952d14bcb7450dec9b3b5af882508 on line 0
[23-Nov-2015 17:03:16 Europe/Amsterdam] PHP Fatal error:  Method App\Product::__toString() must not throw an exception in /home/id00005/domains/digitusmarketing.nl/storage/framework/views/b09952d14bcb7450dec9b3b5af882508 on line 0
[23-Nov-2015 17:04:28 Europe/Amsterdam] PHP Fatal error:  Method Illuminate\Database\Eloquent\Collection::__toString() must not throw an exception in /home/id00005/domains/digitusmarketing.nl/storage/framework/views/b09952d14bcb7450dec9b3b5af882508 on line 0
[23-Nov-2015 17:05:19 Europe/Amsterdam] PHP Fatal error:  Method Illuminate\Database\Eloquent\Collection::__toString() must not throw an exception in /home/id00005/domains/digitusmarketing.nl/storage/framework/views/b09952d14bcb7450dec9b3b5af882508 on line 0
[23-Nov-2015 18:05:10 Europe/Amsterdam] PHP Fatal error:  Class 'App\Http\Controllers\TestOmgeving\Module' not found in /home/id00005/domains/digitusmarketing.nl/app/Http/Controllers/TestOmgeving/TestOmgevingController.php on line 285
[24-Nov-2015 13:54:29 Europe/Amsterdam] PHP Parse error:  syntax error, unexpected ';' in /home/id00005/domains/digitusmarketing.nl/storage/framework/views/d7be69ab7f9288130080fc2b1ed35008 on line 85
[24-Nov-2015 13:54:59 Europe/Amsterdam] PHP Fatal error:  Cannot redeclare class App\Webinar in /home/id00005/domains/digitusmarketing.nl/app/Webinarkalender.php on line 0
[24-Nov-2015 16:03:25 Europe/Amsterdam] PHP Fatal error:  Call to undefined method Illuminate\Database\Eloquent\Collection::skip() in /home/id00005/domains/digitusmarketing.nl/storage/framework/views/166a2ecec4086ae500bb96a0c5ae3919 on line 479
[24-Nov-2015 16:04:55 Europe/Amsterdam] PHP Fatal error:  Call to undefined method Illuminate\Database\Eloquent\Collection::skip() in /home/id00005/domains/digitusmarketing.nl/storage/framework/views/166a2ecec4086ae500bb96a0c5ae3919 on line 479
[24-Nov-2015 16:05:29 Europe/Amsterdam] PHP Fatal error:  Call to undefined method Illuminate\Database\Eloquent\Collection::skip() in /home/id00005/domains/digitusmarketing.nl/storage/framework/views/166a2ecec4086ae500bb96a0c5ae3919 on line 479
[24-Nov-2015 16:05:38 Europe/Amsterdam] PHP Fatal error:  Call to undefined method Illuminate\Database\Eloquent\Collection::skip() in /home/id00005/domains/digitusmarketing.nl/storage/framework/views/166a2ecec4086ae500bb96a0c5ae3919 on line 479
[24-Nov-2015 16:07:24 Europe/Amsterdam] PHP Fatal error:  Call to undefined method Illuminate\Database\Eloquent\Collection::skip() in /home/id00005/domains/digitusmarketing.nl/storage/framework/views/166a2ecec4086ae500bb96a0c5ae3919 on line 482
[24-Nov-2015 16:52:03 Europe/Amsterdam] PHP Fatal error:  Method Illuminate\Database\Eloquent\Collection::__toString() must not throw an exception in /home/id00005/domains/digitusmarketing.nl/storage/framework/views/b09952d14bcb7450dec9b3b5af882508 on line 0
[24-Nov-2015 16:54:00 Europe/Amsterdam] PHP Fatal error:  Method Illuminate\Database\Eloquent\Collection::__toString() must not throw an exception in /home/id00005/domains/digitusmarketing.nl/storage/framework/views/b09952d14bcb7450dec9b3b5af882508 on line 0
[24-Nov-2015 17:02:42 Europe/Amsterdam] PHP Parse error:  syntax error, unexpected 'endif' (T_ENDIF) in /home/id00005/domains/digitusmarketing.nl/storage/framework/views/b09952d14bcb7450dec9b3b5af882508 on line 209
[24-Nov-2015 17:31:48 Europe/Amsterdam] PHP Parse error:  syntax error, unexpected '!' in /home/id00005/domains/digitusmarketing.nl/storage/framework/views/b09952d14bcb7450dec9b3b5af882508 on line 176
[27-Nov-2015 14:23:50 Europe/Amsterdam] PHP Fatal error:  Call to undefined method Illuminate\Database\Eloquent\Collection::skip() in /home/id00005/domains/digitusmarketing.nl/storage/framework/views/b09952d14bcb7450dec9b3b5af882508 on line 128
[27-Nov-2015 14:29:05 Europe/Amsterdam] PHP Fatal error:  Call to undefined method Illuminate\Database\Eloquent\Collection::paginate() in /home/id00005/domains/digitusmarketing.nl/storage/framework/views/b09952d14bcb7450dec9b3b5af882508 on line 92
[30-Nov-2015 15:16:02 Europe/Amsterdam] PHP Parse error:  syntax error, unexpected '}' in /home/id00005/domains/digitusmarketing.nl/storage/framework/views/fcb715589fa51687ca6347044bf13cc2 on line 41
[30-Nov-2015 15:16:48 Europe/Amsterdam] PHP Parse error:  syntax error, unexpected '}' in /home/id00005/domains/digitusmarketing.nl/storage/framework/views/fcb715589fa51687ca6347044bf13cc2 on line 41
[01-Dec-2015 16:03:52 Europe/Amsterdam] PHP Parse error:  syntax error, unexpected '' '' (T_CONSTANT_ENCAPSED_STRING) in /home/id00005/domains/digitusmarketing.nl/app/Http/Controllers/EbookDownloadController.php on line 44
[12-Dec-2015 15:43:56 Europe/Amsterdam] PHP Fatal error:  Call to a member function first() on a non-object in /home/id00005/domains/digitusmarketing.nl/storage/framework/views/ee9aa0d40507a6f573506a2c0f7124f1 on line 34
[12-Dec-2015 16:01:32 Europe/Amsterdam] PHP Parse error:  syntax error, unexpected 'countdownTijd' (T_STRING) in /home/id00005/domains/digitusmarketing.nl/storage/framework/views/9e6a2fe3e82611745a32c9c0db8aa89b on line 99
[12-Dec-2015 16:03:09 Europe/Amsterdam] PHP Fatal error:  Call to a member function first() on a non-object in /home/id00005/domains/digitusmarketing.nl/app/Http/Controllers/WebinarController.php on line 244
[22-Dec-2015 11:45:09 Europe/Amsterdam] PHP Parse error:  syntax error, unexpected 'endif' (T_ENDIF) in /home/id00005/domains/digitusmarketing.nl/storage/framework/views/e7aec035e73195bbdeb497e1691d1a89 on line 58
[22-Dec-2015 11:45:13 Europe/Amsterdam] PHP Parse error:  syntax error, unexpected 'endif' (T_ENDIF) in /home/id00005/domains/digitusmarketing.nl/storage/framework/views/e7aec035e73195bbdeb497e1691d1a89 on line 58
[23-Dec-2015 12:15:25 Europe/Amsterdam] PHP Fatal error:  Cannot break/continue 1 level in /home/id00005/domains/digitusmarketing.nl/app/Http/Controllers/TabApp/TabAppController.php on line 31
[23-Dec-2015 12:49:29 Europe/Amsterdam] PHP Parse error:  syntax error, unexpected '$webinar' (T_VARIABLE), expecting ']' in /home/id00005/domains/digitusmarketing.nl/app/Http/Controllers/TabApp/TabAppController.php on line 32
[30-Dec-2015 12:46:42 Europe/Amsterdam] PHP Fatal error:  Class 'App\Http\Controllers\TabApp\Session' not found in /home/id00005/domains/digitusmarketing.nl/app/Http/Controllers/TabApp/TabAppController.php on line 17
